<?xml version="1.0" encoding="UTF-8"?>
<robot generator="Robot 6.1.1 (Python 3.11.0 on win32)" generated="20241124 13:06:40.752" rpa="false" schemaversion="4">
<suite id="s1" name="Test Game State" source="C:\Users\attem\OneDrive\Työpöytä\Python game\tests\test_game_state.robot">
<test id="s1-t1" name="Score Increases When Food Is Eaten" line="10">
<kw name="Start Game Process">
<kw name="Start Process" library="Process">
<arg>python</arg>
<arg>${GAME_SCRIPT}</arg>
<arg>stdout=output.txt</arg>
<arg>stderr=output.txt</arg>
<doc>Starts a new process on background.</doc>
<msg timestamp="20241124 13:06:40.792" level="INFO">Starting process:
python "C:/Users/attem/OneDrive/Työpöytä/Python game/Snake.py"</msg>
<status status="PASS" starttime="20241124 13:06:40.791" endtime="20241124 13:06:40.801"/>
</kw>
<status status="PASS" starttime="20241124 13:06:40.791" endtime="20241124 13:06:40.802"/>
</kw>
<kw name="Sleep" library="BuiltIn">
<arg>5s</arg>
<doc>Pauses the test executed for the given time.</doc>
<msg timestamp="20241124 13:06:45.803" level="INFO">Slept 5 seconds</msg>
<status status="PASS" starttime="20241124 13:06:40.802" endtime="20241124 13:06:45.803"/>
</kw>
<kw name="Check Score Increases">
<doc>Varmistetaan, että pistemäärä on kasvanut odotetusti.</doc>
<kw name="Get File" library="OperatingSystem">
<var>${output}</var>
<arg>output.txt</arg>
<doc>Returns the contents of a specified file.</doc>
<msg timestamp="20241124 13:06:45.804" level="INFO" html="true">Getting file '&lt;a href="file://C:\Users\attem\OneDrive\Työpöytä\Python game\output.txt"&gt;C:\Users\attem\OneDrive\Työpöytä\Python game\output.txt&lt;/a&gt;'.</msg>
<msg timestamp="20241124 13:06:45.805" level="INFO">${output} = Pisteet: 10
</msg>
<status status="PASS" starttime="20241124 13:06:45.804" endtime="20241124 13:06:45.805"/>
</kw>
<kw name="Should Contain" library="BuiltIn">
<arg>${output}</arg>
<arg>Pisteet: 10</arg>
<doc>Fails if ``container`` does not contain ``item`` one or more times.</doc>
<status status="PASS" starttime="20241124 13:06:45.805" endtime="20241124 13:06:45.806"/>
</kw>
<status status="PASS" starttime="20241124 13:06:45.804" endtime="20241124 13:06:45.806"/>
</kw>
<doc>Testaa, että pistemäärä kasvaa, kun mato syö ruokaa.</doc>
<status status="PASS" starttime="20241124 13:06:40.791" endtime="20241124 13:06:45.806"/>
</test>
<status status="PASS" starttime="20241124 13:06:40.754" endtime="20241124 13:06:45.807"/>
</suite>
<statistics>
<total>
<stat pass="1" fail="0" skip="0">All Tests</stat>
</total>
<tag>
</tag>
<suite>
<stat pass="1" fail="0" skip="0" id="s1" name="Test Game State">Test Game State</stat>
</suite>
</statistics>
<errors>
</errors>
</robot>
